<?xml version="1.0" encoding="UTF-8"?>
<!-- Generated by org.testng.reporters.JUnitReportReporter -->
<testsuite name="com.vTiger.Tests.DashboardPageTest" tests="4" time="282.316" ignored="2" failures="0" timestamp="01 Feb 2019 18:29:05 GMT" skipped="0" hostname="nitin" errors="0">
  <testcase name="openProjectPageTest" time="72.702" classname="com.vTiger.Tests.DashboardPageTest"/>
  <testcase name="verifyDashboardLogoTest" time="73.343" classname="com.vTiger.Tests.DashboardPageTest"/>
  <testcase name="openProjectTasksTest" time="50.819" classname="com.vTiger.Tests.DashboardPageTest"/>
  <testcase name="verifyTitleofDashBoardPageTest" time="85.452" classname="com.vTiger.Tests.DashboardPageTest"/>
  <testcase name="validateLoginPageLogo" classname="com.vTiger.Tests.LoginPageTest">
    <skipped/>
  </testcase> <!-- validateLoginPageLogo -->
  <testcase name="loginTest" classname="com.vTiger.Tests.LoginPageTest">
    <skipped/>
  </testcase> <!-- loginTest -->
</testsuite> <!-- com.vTiger.Tests.DashboardPageTest -->
